2025-03-16 03:09:27,064 - django_api_orchestrator - INFO - Modules listed: []
2025-03-16 03:10:00,443 - django_api_orchestrator - INFO - Modules listed: []
2025-03-16 03:10:54,944 - django_api_orchestrator - INFO - Modules listed: []
2025-03-16 03:17:45,794 - django_api_orchestrator - INFO - Total modules found: 0
2025-03-16 03:24:02,301 - django_api_orchestrator - INFO - Total modules found: 0
2025-03-16 03:25:11,819 - django_api_orchestrator - INFO - Total modules found: 0
2025-03-16 03:25:33,598 - django_api_orchestrator - INFO - Total modules found: 0
2025-03-16 03:35:43,123 - django_api_orchestrator - INFO - Total modules found: 19
2025-03-16 03:42:34,013 - django_api_orchestrator - INFO - Total modules found: 19
2025-03-16 03:43:06,616 - django_api_orchestrator - INFO - Total modules found: 0
2025-03-16 06:44:46,690 - django_api_orchestrator - INFO - Total modules found: 19
2025-03-16 06:45:12,005 - django_api_orchestrator - INFO - Module retrieved: /home/lotfikan/ev/ev/mysite/website/models.py
2025-03-16 06:47:02,409 - django_api_orchestrator - INFO - Module created: /home/lotfikan/ev/ev/mysite/website/new_module/__init__.py
2025-03-16 10:03:36,807 - django_api_orchestrator - INFO - Total modules found: 20
2025-03-16 10:07:22,566 - django_api_orchestrator - INFO - Total templates found: 0
2025-03-16 10:08:51,158 - django_api_orchestrator - INFO - Total templates found: 3
2025-03-16 10:13:45,309 - django_api_orchestrator - INFO - Template retrieved: /home/lotfikan/ev/ev/mysite/website/templates/website/app_page.html
2025-03-16 10:15:05,862 - django_api_orchestrator - INFO - Total templates found: 2
2025-03-16 10:15:14,208 - django_api_orchestrator - INFO - Total templates found: 2
2025-03-16 11:20:26,808 - django_api_orchestrator - INFO - Total templates found: 3
